
> app@0.1.0 build
> next build

  ▲ Next.js 14.2.0
  - Environments: .env

   Creating an optimized production build ...
 ✓ Compiled successfully
   Linting and checking validity of types ...
Failed to compile.

./app/admin/transport/routes/[id]/page.tsx:112:33
Type error: Type '({ user: { id: string; name: string | null; createdAt: Date; updatedAt: Date; phone: string; email: string; password: string; role: string; image: string | null; }; class: { academicYear: string; ... 4 more ...; teacherId: string | null; } | null; transportMapping: ({ ...; } & { ...; }) | null; } & { ...; })[]' is not assignable to type 'Student[]'.
  Type '{ user: { id: string; name: string | null; createdAt: Date; updatedAt: Date; phone: string; email: string; password: string; role: string; image: string | null; }; class: { academicYear: string; ... 4 more ...; teacherId: string | null; } | null; transportMapping: ({ ...; } & { ...; }) | null; } & { ...; }' is not assignable to type 'Student'.
    Types of property 'transportMapping' are incompatible.
      Type '({ dropStop: { id: string; name: string; order: number; latitude: number; longitude: number; routeId: string; arrivalTime: string | null; } | null; pickupStop: { id: string; name: string; order: number; latitude: number; longitude: number; routeId: string; arrivalTime: string | null; } | null; } & { ...; }) | null' is not assignable to type '{ pickupStop?: { id: string; name: string; } | undefined; dropStop?: { id: string; name: string; } | undefined; } | undefined'.
        Type 'null' is not assignable to type '{ pickupStop?: { id: string; name: string; } | undefined; dropStop?: { id: string; name: string; } | undefined; } | undefined'.

[0m [90m 110 |[39m                         [33m<[39m[33mCardContent[39m className[33m=[39m[32m"p-6"[39m[33m>[39m[0m
[0m [90m 111 |[39m                             [33m<[39m[33mAssignedStudentsList[39m[0m
[0m[31m[1m>[22m[39m[90m 112 |[39m                                 students[33m=[39m{route[33m.[39mstudents [33m||[39m []}[0m
[0m [90m     |[39m                                 [31m[1m^[22m[39m[0m
[0m [90m 113 |[39m                                 stops[33m=[39m{route[33m.[39mstops [33m||[39m []}[0m
[0m [90m 114 |[39m                                 routeId[33m=[39m{route[33m.[39mid}[0m
[0m [90m 115 |[39m                             [33m/[39m[33m>[39m[0m
