
> app@0.1.0 build
> next build

  ▲ Next.js 14.2.0
  - Environments: .env

   Creating an optimized production build ...
 ✓ Compiled successfully
   Linting and checking validity of types ...
Failed to compile.

./app/admin/students/page.tsx:8:28
Type error: Type '({ user: { id: string; name: string | null; createdAt: Date; updatedAt: Date; phone: string; email: string; password: string; role: string; image: string | null; }; class: { academicYear: string; ... 4 more ...; teacherId: string | null; } | null; } & { ...; })[]' is not assignable to type 'Student[]'.
  Type '{ user: { id: string; name: string | null; createdAt: Date; updatedAt: Date; phone: string; email: string; password: string; role: string; image: string | null; }; class: { academicYear: string; ... 4 more ...; teacherId: string | null; } | null; } & { ...; }' is not assignable to type 'Student'.
    Types of property 'gender' are incompatible.
      Type 'string | null' is not assignable to type 'string'.
        Type 'null' is not assignable to type 'string'.

[0m [90m  6 |[39m     [36mconst[39m students [33m=[39m [36mawait[39m getStudents()[33m;[39m[0m
[0m [90m  7 |[39m[0m
[0m[31m[1m>[22m[39m[90m  8 |[39m     [36mreturn[39m [33m<[39m[33mStudentsClient[39m students[33m=[39m{students} [33m/[39m[33m>[39m[33m;[39m[0m
[0m [90m    |[39m                            [31m[1m^[22m[39m[0m
[0m [90m  9 |[39m }[0m
[0m [90m 10 |[39m[0m
