
> app@0.1.0 build
> next build

  ▲ Next.js 14.2.0
  - Environments: .env

   Creating an optimized production build ...
 ✓ Compiled successfully
   Linting and checking validity of types ...
Failed to compile.

./app/admin/finance/discounts/new/page.tsx:38:33
Type error: Type '{ id: string; name: string | null; admissionNo: string; fees: { id: string; name: string; amount: number; }[]; }[]' is not assignable to type 'StudentData[]'.
  Type '{ id: string; name: string | null; admissionNo: string; fees: { id: string; name: string; amount: number; }[]; }' is not assignable to type 'StudentData'.
    Types of property 'name' are incompatible.
      Type 'string | null' is not assignable to type 'string'.
        Type 'null' is not assignable to type 'string'.

[0m [90m 36 |[39m         [33m<[39m[33mdiv[39m className[33m=[39m[32m"max-w-2xl mx-auto space-y-6"[39m[33m>[39m[0m
[0m [90m 37 |[39m             [33m<[39m[33mh2[39m className[33m=[39m[32m"text-2xl font-bold text-slate-800 dark:text-white"[39m[33m>[39m[33mApply[39m [33mFee[39m [33mDiscount[39m[33m/[39m[33mWaiver[39m[33m<[39m[33m/[39m[33mh2[39m[33m>[39m[0m
[0m[31m[1m>[22m[39m[90m 38 |[39m             [33m<[39m[33mDiscountFormClient[39m students[33m=[39m{studentsData} userId[33m=[39m{session[33m?[39m[33m.[39muser[33m?[39m[33m.[39mid [33m||[39m [32m''[39m} [33m/[39m[33m>[39m[0m
[0m [90m    |[39m                                 [31m[1m^[22m[39m[0m
[0m [90m 39 |[39m         [33m<[39m[33m/[39m[33mdiv[39m[33m>[39m[0m
[0m [90m 40 |[39m     )[33m;[39m[0m
[0m [90m 41 |[39m }[0m
