
> app@0.1.0 build
> next build

  ▲ Next.js 14.2.0
  - Environments: .env

   Creating an optimized production build ...
 ⚠ Compiled with warnings

./node_modules/bcryptjs/index.js
A Node.js module is loaded ('crypto' at line 32) which is not supported in the Edge Runtime.
Learn More: https://nextjs.org/docs/messages/node-module-in-edge-runtime

Import trace for requested module:
./node_modules/bcryptjs/index.js
./auth.ts

./node_modules/bcryptjs/index.js
A Node.js API is used (setImmediate at line: 335) which is not supported in the Edge Runtime.
Learn more: https://nextjs.org/docs/api-reference/edge-runtime

Import trace for requested module:
./node_modules/bcryptjs/index.js
./auth.ts

./node_modules/bcryptjs/index.js
A Node.js API is used (setImmediate at line: 336) which is not supported in the Edge Runtime.
Learn more: https://nextjs.org/docs/api-reference/edge-runtime

Import trace for requested module:
./node_modules/bcryptjs/index.js
./auth.ts

 ✓ Compiled successfully
   Linting and checking validity of types ...
Failed to compile.

./lib/firebase-admin.ts:2:51
Type error: Cannot find module 'firebase-admin/app' or its corresponding type declarations.

[0m [90m 1 |[39m [90m// Firebase Admin SDK Configuration (for server-side)[39m[0m
[0m[31m[1m>[22m[39m[90m 2 |[39m [36mimport[39m { initializeApp[33m,[39m getApps[33m,[39m cert[33m,[39m [33mApp[39m } [36mfrom[39m [32m'firebase-admin/app'[39m[33m;[39m[0m
[0m [90m   |[39m                                                   [31m[1m^[22m[39m[0m
[0m [90m 3 |[39m [36mimport[39m { getMessaging } [36mfrom[39m [32m'firebase-admin/messaging'[39m[33m;[39m[0m
[0m [90m 4 |[39m [36mimport[39m { getDatabase } [36mfrom[39m [32m'firebase-admin/database'[39m[33m;[39m[0m
[0m [90m 5 |[39m[0m
